24.3528775838
76.5641486517
69.1543210802
64.8423906053
79.6334108246
78.4007487635
23.2947805445
23.0619527402
40.4213366203
35.7199389234
20.8947396362
16.653381645
5.47759025785
8.88190322003
7.6658449803
7.65867479855
5.87664392988
3.62135663327
2.28843180146
2.28878658494
2.28923327877
2.28588148914
2.28921904031
2.28933925132
2.28992368024
2.29081515184
2.29085292406
1.23462652857
2.12019255911
2.12019630688
2.12051641242
2.02265233891
2.0227156015
2.0227156015
1.84746187136
2.05598716238
2.05610236001
2.05610241171
2.0561490744
2.05617678025
2.10834897126
2.17089965901
2.06204989824
1.45794904361
1.45794971575
1.45795213401
1.45795246382
1.45796340148
1.45796344353
1.45796351739
1.420738722
1.42073872326
1.25506167046
1.25506167048
1.2550618821
1.25507055912
1.25507059699
1.25507060681
1.2550706323
1.28921221089
1.28921221198
1.28921222045
1.28922709993
1.48840953874
1.50591204249
1.50591552593
1.45312450499
1.45312450499
1.47034784411
1.47034784412
1.47034784536
1.58529698861
1.58529698739
1.40380011389
1.40836647845
1.45697425094
1.4569742512
1.46950880511
1.46950880511
1.51535240308
1.51535240308
1.51535240324
1.48960920777
1.46628567459
1.46628567462
1.46628567463
1.49316329685
1.49577358704
1.49743204206
1.47687072073
1.49671985237
1.49671985237
1.49671985237
1.49712090515
1.49722308631
1.48974375196
1.48974105429
1.48974105429
1.48974105429
1.50955851321
1.47215834093
1.47215805612
1.47215805612
1.47264214563
1.47264214563
0.985336705827
1.29640882961
1.29641049436
1.29641049436
1.29641049436
1.29641049436
1.41391417988
1.44879172063
1.45768689504
1.45992391286
1.45992391286
1.45992391286
1.4556985865
1.4556985865
0.972257879158
0.972257879176
0.869520478768
0.869520478768
0.869520478768
0.869520478768
0.793226832543
0.793226832543
0.793227554241
0.84777122328
0.84777122328
0.897719070116
0.896527860672
0.896527860672
0.908996153662
0.908996153662
0.881960921619
0.881960921619
0.881961836759
0.881961836759
0.892849657966
0.892849657966
0.892849657966
0.927476762175
0.927476762175
0.927476762175
0.927479150033
0.927479150033
0.927480188486
0.950710566118
0.971299801333
0.971299801333
0.971299857883
0.971299857883
0.971299857883
0.99551862854
0.99551862854
0.995518667271
0.995518682427
0.999936119015
0.999936119015
0.999936119015
1.00238716101
1.00238716101
1.00304230394
1.00326675627
1.00326675627
0.83437660823
0.769861458672
0.769861458672
0.756817733474
0.756817733474
0.700926760875
0.698355682116
0.72023762098
0.578562126692
0.647314818542
0.647314823419
0.647314823419
0.647314823419
0.647314823419
0.619188683232
0.612802281361
0.559862950951
0.549864094579
0.548675687908
0.54841053565
0.605674223043
0.56171754255
0.527379179842
0.535058242781
0.535058242781
0.52648852816
0.513142901307
0.513142901307
0.524751869722
0.524751869722
0.615197392034
0.615197392034
0.615197392525
0.639432255014
0.653731186817
0.606168629384
0.567171597017
0.551666526362
0.513759951199
0.513770977645
0.504200163437
0.511493316871
0.504808228028
0.429378795044
0.410807190051
0.417233534232
0.416555140668
0.41957987705
0.429927879027
0.380511573405
0.350467037466
0.341750630867
0.337089368799
0.333274212795
0.358108789376
0.35083827613
0.35083827613
0.355693162373
0.351718393593
0.403863175808
0.379375832645
0.838436676668
0.831983359473
0.825246943405
0.877375311261
0.876466426608
0.40154718155
0.322646013417
0.323094460797
0.321416621663
0.319743008053
0.319379680147
0.318741245736
0.323045833163
0.323965522003
0.323924761296
0.363620407005
0.366991828185
0.374808628285
0.374752824632
0.397380877382
0.465604346598
0.412765385262
0.39314621315
0.366302439894
0.363879440439
0.36726961275
0.36726961275
0.365161995
0.369444893404
0.37611177141
0.377115922393
0.403070283849
0.351218206708
0.339981682955
0.332812274237
0.363044626706
0.368187977887
0.349916960713
0.349993449852
0.352791523348
0.37058757239
0.384859542911
0.387232728262
0.388289346238
0.390953073174
0.39240852148
0.378124501751
0.352741982843
0.344494208817
0.334492943977
0.483490213007
0.486694051925
0.468236266753
0.468362947799
0.468889670598
0.4703510468
0.471843916745
0.477533452865
0.480437546252
0.477261764948
0.479381654057
0.478792786879
0.477161405441
0.477236023999
0.435543290021
0.343178331063
0.365766348057
0.383753151608
0.387829618636
0.390902475599
0.344977840413
0.419786996464
0.420386492738
0.419316669468
0.419409459169
0.419466559214
0.416231246827
0.415666164576
0.408150609173
0.40792786234
0.407819234243
0.408210102027
0.405874081726
0.367825246313
0.362146429589
0.414819375626
0.427262890091
0.428055922359
0.427959532689
0.427838168544
0.428116071346
0.399630256537
0.342004794643
0.351955761555
0.355928572697
0.411738519293
0.425716211232
0.434754535598
0.422433142923
0.422961228671
0.433425073807
0.431848748249
0.432135764022
0.467522026145
0.469200724678
0.499397706117
0.500289070507
0.500982329943
0.501032583841
0.501099188308
0.434815099869
0.37937194951
0.379485701806
0.380338846336
0.394638707799
0.394363202012
0.379227204165
0.372962050479
0.374073424504
0.380473535777
0.380476306399
0.37279674924
0.395734179363
0.396396457557
0.39705112834
0.396994221581
0.396940395036
0.396898627822
0.396883179433
0.404176299848
0.422756470511
0.437511098161
0.433952609641
0.58454494081
0.643447003187
0.634785479099
0.648944818114
0.56470856194
0.501054128103
0.501234835615
0.501234835615
0.41834345351
0.397731463471
0.435131553482
0.39946136085
0.385789399888
0.372448855215
0.403980537615
0.445632295265
0.387275411395
0.38988713015
0.360222849521
0.38688693211
0.338265039532
0.356413592711
0.379377865508
0.377531033166
0.545338944966
0.539101841693
0.428852002602
0.365405724273
0.359087260357
0.355812732795
0.377889301278
0.384890391868
0.382450278094
0.417528607729
0.421321582068
0.435762399357
0.414796095485
0.418696728535
0.419960920141
0.668609790052
0.6137067376
0.621213376949
0.473621803931
0.394636288735
0.398264041719
0.394584251124
0.365441828107
0.368615047065
0.348910616929
0.348910616929
0.34404099924
0.403604731227
0.39757848477
0.333367347688
0.303226871545
0.331049453228
0.337396518026
0.337396518026
0.315285635802
0.312611734306
0.322227156614
0.313470035709
0.301942202052
0.342550003283
0.309904475128
0.283233707053
0.313081526828
0.313586162966
0.313901621557
0.294881376857
0.28930915514
0.288970252901
0.289542319656
0.287605811157
0.287608477921
0.315157548358
0.315186138364
0.267020290617
0.261152329179
0.258028932008
0.263770699516
0.29135727623
0.29018494709
0.294574848071
0.293778240673
0.293778240673
0.28001081562
0.288834814515
0.241561911063
0.241205307947
0.241008891674
0.240881654777
0.261676015119
0.262550828522
0.262276065245
0.261033192751
0.261876825865
0.269497381992
0.266049964257
0.264955863319
0.26445682688
0.263668775019
0.263612159598
0.263545827742
0.25348222369
0.255118593704
0.261845057957
0.261845057957
0.27993104385
0.279114296635
0.278905448725
0.278905448725
0.27928822797
0.294029131984
0.291918505866
0.253105065588
0.232277153476
0.251087207271
0.239847589256
0.239776840564
0.239625545133
0.231648582432
0.233172885519
0.232960357103
0.232835559958
0.239377186243
0.23786717447
0.237764373941
0.400738489115
0.321137744035
0.32156812566
0.336950242523
0.361910322902
0.360322811767
0.361108143264
0.344526766808
0.33203612913
0.331502126641
0.331589249475
0.331873259561
0.331929307583
0.331963082753
0.332743124649
0.332756102539
0.371680379858
0.371427320656
0.371953173751
0.37744535803
0.377323228398
0.377236735701
0.372527038327
0.296454355721
0.294121564462
0.289891400194
0.281404532019
0.285800731509
0.295490522568
0.282322150391
0.282550834211
0.276719253209
0.310675843769
0.303757520273
0.293726705452
0.293710695148
0.289971463499
0.292164558113
0.267835793027
0.268318104262
0.25524881261
0.254817965855
0.254591628894
0.249914339517
0.248703023209
0.254311638877
0.319776021346
0.352703820669
0.354490659934
0.546405693753
0.546617638835
0.546521761248
0.546565093769
0.515693439449
0.251692455884
0.237327009054
0.237490461851
0.26698462391
0.244515590404
0.295057549396
0.335573063283
0.338778572357
0.269966927219
0.26271466632
0.263570905172
0.233342812732
0.232510842489
0.242402842935
0.242588733505
0.248854050465
0.262337400203
0.259117926858
0.259831381383
0.238491449171
0.238491449171
0.238438064047
0.24370011151
0.244394164075
0.244348416162
0.244348416162
0.232309746094
0.232309746094
0.275321035348
0.23768311283
0.240482414213
0.234441469796
0.336750202331
0.335014459985
0.301489173723
0.290827029134
0.289998742578
0.289325983474
0.279651757592
0.262986472325
0.260096717416
0.26576226937
0.265539665501
0.265418088246
0.256517279563
0.252589908184
0.243993154337
0.243550437636
0.244728705199
0.244877644303
0.24571723031
0.244682243734
0.257883845434
0.256245691642
0.360719274987
0.363860830316
0.297820725983
0.359583747489
0.36287114783
0.361679095351
0.328225337001
0.33099368763
0.342665552786
0.341620009211
0.333036722384
0.290415202249
0.295786307447
0.294817690176
0.295999385371
0.297350193734
0.276019224262
0.274053894535
0.254856142921
0.254587101127
0.257395883347
0.248048538771
0.248318622243
0.248214397552
0.255040344475
0.25452519264
0.24497866872
0.242507364885
0.24122198621
0.248650924727
0.240087958814
0.237330562431
0.236188958477
0.235680777919
0.234394056727
0.234525380244
0.2342626532
0.234113379598
0.23401079104
0.261945778433
0.253893179677
0.254228055679
0.235043841999
0.260715202207
0.260714902989
0.260084888948
0.278917151544
0.272281117638
0.272299674248
0.272319121105
0.272319121105
0.285643962408
0.260231225828
0.229387746902
0.228083977117
0.228083977117
0.227788290893
0.227275133984
0.227855159333
0.227709013122
0.229134252257
0.22901606579
0.227020540473
0.227008770968
0.226938296594
0.240461265894
0.24034871508
0.23577623027
0.235768325407
0.240395238897
0.241145146869
0.291198760373
0.229363540989
0.229964528347
0.232333430118
0.234591189721
0.229661987211
0.229608110315
0.228184961335
0.26335333909
0.251647086943
0.251663735075
0.239020547974
0.243132894825
0.231398451668
0.22870934375
0.23078820755
0.232618944008
0.231544102009
0.232369466941
0.231187491457
0.244204926938
0.274315706106
0.265345869682
0.284147506797
0.283918859622
0.283913064316
0.233634590126
0.233684265333
0.262557744576
0.262557744576
0.312041285233
0.292666905869
0.280746098147
0.27976577695
0.270836880821
0.269603432239
0.232795904634
0.238963758942
0.235580425355
0.231318527786
0.232543516504
0.257968631316
0.254655062752
0.255077942226
0.254715464416
0.258863217201
0.252318067141
0.231774437287
0.232109015911
0.230131956254
0.241830438842
0.23983276883
0.232547665031
0.232983562322
0.227902055764
0.228416979879
0.228249123918
0.262290390593
0.309311648967
0.295723786592
0.292137008928
0.23625731432
0.237159239307
0.236527522317
0.24827929795
0.247065468295
0.246987635202
0.230502932274
0.233530207978
0.236150420889
0.240446614579
0.240286119698
0.235665131745
0.235639204814
0.235598655129
0.231597324823
0.231743802419
0.255981433619
0.241168054352
0.262853873859
0.262844036245
0.262837959705
0.247191974154
0.295975860347
0.29599658726
0.337628595844
0.327610358548
0.358968055858
0.378685179532
0.37741194423
0.37741194423
0.365235656874
0.297389584988
0.283781271065
0.285938320711
0.2920783227
0.292776898438
0.229542772249
0.230211800927
0.233612201024
0.259119857237
0.259085968742
0.258579237013
0.246353956644
0.243555143338
0.243216710972
0.267828133289
0.267753789718
0.256737858869
0.256655655959
0.256903314334
0.27622391813
0.275049464836
0.275037215081
0.27647682399
0.345883246585
0.341840799442
0.312865006087
0.341007472718
0.331880065708
0.327929340433
0.313939046893
0.306635889543
0.306635889543
0.300191145855
0.282049583406
0.290496945753
0.326857242638
0.318609821115
0.310593087716
0.308421465128
0.296669225163
0.352560310192
0.352560310192
0.317896229985
0.317896229985
0.317896229985
0.391938171885
0.333729362173
0.362310613065
0.279204636927
0.277208360453
0.27908176909
0.285235820347
0.286411532513
0.293394698335
0.235112653131
0.244383283006
0.241528061612
0.254598264761
0.218857383412
0.215218419451
0.214809768752
0.209008088326
0.209008088326
0.211805113505
0.209893228544
0.21002674084
0.205092974134
0.210264894055
0.211022427358
0.223010982581
0.225324809791
0.220934080316
0.220032703454
0.223071001856
0.222997513851
0.208918339317
0.205888151206
0.202971770775
0.20783172467
0.194642321362
0.192357175984
0.21820030492
0.202223731156
0.184646637668
0.184717839415
0.185082554605
0.188842274058
0.186399030776
0.186399030776
0.185270025444
0.184738289588
0.219640511632
0.214523543746
0.188333269529
0.203460113003
0.203860350472
0.203860350472
0.212663376221
0.190740301935
0.187226937379
0.189299701808
0.184050081104
0.188247641237
0.197977923261
0.185001803675
0.182930884745
0.181543664107
0.181114805979
0.192043988514
0.193279125343
0.192629258034
0.192475239157
0.183826575974
0.183813709984
0.204253127146
0.196068575399
0.195751365089
0.226764412956
0.221487116457
0.195266004168
0.190763126052
0.195200124292
0.205999257543
0.201168877734
0.185140763926
0.18578769966
0.18324206009
0.182615219073
0.18255870794
0.182501147948
0.183247360428
0.184868355509
0.186786225364
0.182446434305
0.182395878048
0.182388356372
0.187222262181
0.185782311881
0.182383964803
0.195092031478
0.183169296034
0.185292371496
0.185266955891
0.19164285457
0.191633161345
0.235062440482
0.220928126916
0.342287146463
0.342287146463
0.281566154543
0.268456505839
0.263084259844
0.226608614308
0.255859814037
0.26122067378
0.326742692201
0.337206504049
0.342762763647
0.293528542692
0.184123869956
0.183962136914
0.191522004079
0.188848186811
0.183872559638
0.221483361893
0.219526053716
0.219362502404
0.219362502404
0.219362502404
0.220672533325
0.204770554889
0.224165393533
0.22402232065
0.222786881742
0.280267467535
0.295187879876
0.373484708836
0.252161792922
0.203502898113
0.203875094167
0.20349617052
0.202589607225
0.200833740394
0.212980627612
0.212731643008
0.199758040785
0.19974149991
0.199793393041
0.276031052673
0.271684047277
0.271720797314
0.280014001061
0.200122382401
0.198175502164
0.198164855735
0.198165234984
0.191219012036
0.212326690955
0.19456161862
0.19454439693
0.196378135426
0.198120770993
0.190226803095
0.190226803095
0.18755229099
0.187544439782
0.184968623152
0.184465647076
0.263831872008
0.238855937062
0.235955610307
0.234969756855
0.212942258139
0.2125045929
0.209827814792
0.190788144684
0.190786147793
0.200407208015
0.20721434394
0.207619653921
0.194515907246
0.194431606015
0.187408274822
0.18690850682
0.184986544583
0.185235860292
0.185663753891
0.185007403545
0.185310155607
0.185171131858
0.203892845359
0.235941366568
0.269271736623
0.268396115132
0.228662386433
0.228267894457
0.203661761622
0.195805660531
0.195087640601
0.189208524971
